Cloning into 'wiringpi'...
Note: switching to '6d98e0c87ad937849af944ae7118ce1e01ce7c91'.

You are in 'detached HEAD' state. You can look around, make experimental
changes and commit them, and you can discard any commits you make in this
state without impacting any branches by switching back to a branch.

If you want to create a new branch to retain commits you create, you may
do so (now or later) by using -c with the switch command. Example:

  git switch -c <new-branch-name>

Or undo this operation with:

  git switch -

Turn off this advice by setting config variable advice.detachedHead to false

[Clean]
[Compile] wiringPi.c
[Compile] wiringSerial.c
[Compile] wiringShift.c
[Compile] piHiPri.c
[Compile] piThread.c
[Compile] wiringPiSPI.c
[Compile] wiringPiI2C.c
[Compile] softPwm.c
[Compile] softTone.c
[Compile] mcp23008.c
[Compile] mcp23016.c
[Compile] mcp23017.c
[Compile] mcp23s08.c
[Compile] mcp23s17.c
[Compile] sr595.c
[Compile] pcf8574.c
[Compile] pcf8591.c
[Compile] mcp3002.c
[Compile] mcp3004.c
[Compile] mcp4802.c
[Compile] mcp3422.c
[Compile] max31855.c
[Compile] max5322.c
[Compile] sn3218.c
[Compile] drcSerial.c
[Compile] pca9685.c
[Compile] dac7678.c
[Compile] wpiExtensions.c
[Link (Static)]
[Clean]
[Compile] ds1302.c
[Compile] maxdetect.c
[Compile] piNes.c
[Compile] gertboard.c
[Compile] piFace.c
[Compile] lcd128x64.c
[Compile] lcd.c
[Compile] piGlow.c
[Compile] tcs34725.c
[Link (Static)]
[UnInstall]
[Clean]
[Compile] gpio.c
[Compile] readall.c
[Compile] pins.c
[Link]
[Install]
chown: warning: '.' should be ':': ‘root.root’
gyp info it worked if it ends with ok
gyp info using node-gyp@11.4.2
gyp info using node@25.2.1 | linux | arm64
gyp info find Python using Python version 3.11.2 found at "/usr/bin/python3"

gyp http GET https://nodejs.org/download/release/v25.2.1/node-v25.2.1-headers.tar.gz
gyp http 200 https://nodejs.org/download/release/v25.2.1/node-v25.2.1-headers.tar.gz
gyp http GET https://nodejs.org/download/release/v25.2.1/SHASUMS256.txt
gyp http 200 https://nodejs.org/download/release/v25.2.1/SHASUMS256.txt
gyp info spawn /usr/bin/python3
gyp info spawn args [
gyp info spawn args '/home/rover/.nvm/versions/node/v25.2.1/lib/node_modules/npm/node_modules/node-gyp/gyp/gyp_main.py',
gyp info spawn args 'binding.gyp',
gyp info spawn args '-f',
gyp info spawn args 'make',
gyp info spawn args '-I',
gyp info spawn args '/home/rover/rover_avoid/node_modules/wiring-pi/build/config.gypi',
gyp info spawn args '-I',
gyp info spawn args '/home/rover/.nvm/versions/node/v25.2.1/lib/node_modules/npm/node_modules/node-gyp/addon.gypi',
gyp info spawn args '-I',
gyp info spawn args '/home/rover/.cache/node-gyp/25.2.1/include/node/common.gypi',
gyp info spawn args '-Dlibrary=shared_library',
gyp info spawn args '-Dvisibility=default',
gyp info spawn args '-Dnode_root_dir=/home/rover/.cache/node-gyp/25.2.1',
gyp info spawn args '-Dnode_gyp_dir=/home/rover/.nvm/versions/node/v25.2.1/lib/node_modules/npm/node_modules/node-gyp',
gyp info spawn args '-Dnode_lib_file=/home/rover/.cache/node-gyp/25.2.1/<(target_arch)/node.lib',
gyp info spawn args '-Dmodule_root_dir=/home/rover/rover_avoid/node_modules/wiring-pi',
gyp info spawn args '-Dnode_engine=v8',
gyp info spawn args '--depth=.',
gyp info spawn args '--no-parallel',
gyp info spawn args '--generator-output',
gyp info spawn args 'build',
gyp info spawn args '-Goutput_dir=.'
gyp info spawn args ]
gyp info spawn make
gyp info spawn args [ 'BUILDTYPE=Release', '-C', 'build' ]
make: Entering directory '/home/rover/rover_avoid/node_modules/wiring-pi/build'
  CXX(target) Release/obj.target/wiringPi/src/addon.o
In file included from /home/rover/.cache/node-gyp/25.2.1/include/node/v8-array-buffer.h:14,
                 from /home/rover/.cache/node-gyp/25.2.1/include/node/v8.h:24,
                 from ../src/addon.h:4,
                 from ../src/addon.cc:1:
/home/rover/.cache/node-gyp/25.2.1/include/node/v8-object.h: In static member function ‘static v8::Isolate* v8::Object::GetIsolate(const v8::TracedReference<v8::Object>&)’:
/home/rover/.cache/node-gyp/25.2.1/include/node/v8-object.h:863:55: warning: ‘v8::Isolate* v8::Object::GetIsolate()’ is deprecated: Use Isolate::GetCurrent() instead, which is guaranteed to return the same isolate since https://crrev.com/c/6458560. [-Wdeprecated-declarations]
  863 |     return handle.template value<Object>()->GetIsolate();
      |            ~~~~~~~~~~~~~~~~~~~~~~~~~~~~~~~~~~~~~~~~~~~^~
/home/rover/.cache/node-gyp/25.2.1/include/node/v8-object.h:857:12: note: declared here
  857 |   Isolate* GetIsolate();
      |            ^~~~~~~~~~
../src/addon.cc: In function ‘void throw_error(v8::Isolate*, const char*, ...)’:
../src/addon.cc:35:73: error: cannot convert ‘v8::MaybeLocal<v8::String>’ to ‘v8::Local<v8::String>’
   35 |     isolate->ThrowException(v8::Exception::Error(v8::String::NewFromUtf8(isolate, buffer)));
      |                                                  ~~~~~~~~~~~~~~~~~~~~~~~^~~~~~~~~~~~~~~~~
      |                                                                         |
      |                                                                         v8::MaybeLocal<v8::String>
In file included from /home/rover/.cache/node-gyp/25.2.1/include/node/v8-isolate.h:21,
                 from /home/rover/.cache/node-gyp/25.2.1/include/node/v8-snapshot.h:9,
                 from /home/rover/.cache/node-gyp/25.2.1/include/node/v8-context.h:15,
                 from /home/rover/.cache/node-gyp/25.2.1/include/node/v8.h:26:
/home/rover/.cache/node-gyp/25.2.1/include/node/v8-exception.h:50:43: note:   initializing argument 1 of ‘static v8::Local<v8::Value> v8::Exception::Error(v8::Local<v8::String>, v8::Local<v8::Value>)’
   50 |   static Local<Value> Error(Local<String> message, Local<Value> options = {});
      |                             ~~~~~~~~~~~~~~^~~~~~~
make: *** [wiringPi.target.mk:151: Release/obj.target/wiringPi/src/addon.o] Error 1
make: Leaving directory '/home/rover/rover_avoid/node_modules/wiring-pi/build'
gyp ERR! build error 
gyp ERR! stack Error: `make` failed with exit code: 2
gyp ERR! stack at ChildProcess.<anonymous> (/home/rover/.nvm/versions/node/v25.2.1/lib/node_modules/npm/node_modules/node-gyp/lib/build.js:219:23)
gyp ERR! System Linux 6.12.47+rpt-rpi-2712
gyp ERR! command "/home/rover/.nvm/versions/node/v25.2.1/bin/node" "/home/rover/.nvm/versions/node/v25.2.1/lib/node_modules/npm/node_modules/node-gyp/bin/node-gyp.js" "rebuild"
gyp ERR! cwd /home/rover/rover_avoid/node_modules/wiring-pi
gyp ERR! node -v v25.2.1
gyp ERR! node-gyp -v v11.4.2
gyp ERR! not ok 
